<?xml version="1.0"?>
<component name="org.nuxeo.ecm.annotation.properties.test">

  <extension target="org.nuxeo.runtime.ConfigurationService" point="configuration">
    <property name="nuxeo.annotations.placeless.storage">false</property>
  </extension>

</component>
